{"/Users/Aldahir/Desktop/API-Node-Leifer/app.js": {"path":"/Users/Aldahir/Desktop/API-Node-Leifer/app.js","statementMap":{"0":{"start":{"line":1,"column":0},"end":{"line":1,"column":27}},"1":{"start":{"line":3,"column":16},"end":{"line":3,"column":34}},"2":{"start":{"line":4,"column":13},"end":{"line":4,"column":28}},"3":{"start":{"line":7,"column":18},"end":{"line":7,"column":47}},"4":{"start":{"line":8,"column":33},"end":{"line":8,"column":58}},"5":{"start":{"line":11,"column":19},"end":{"line":11,"column":41}},"6":{"start":{"line":12,"column":25},"end":{"line":12,"column":76}},"7":{"start":{"line":15,"column":23},"end":{"line":15,"column":52}},"8":{"start":{"line":16,"column":27},"end":{"line":16,"column":56}},"9":{"start":{"line":19,"column":12},"end":{"line":19,"column":21}},"10":{"start":{"line":20,"column":18},"end":{"line":20,"column":39}},"11":{"start":{"line":21,"column":17},"end":{"line":21,"column":54}},"12":{"start":{"line":24,"column":0},"end":{"line":24,"column":16}},"13":{"start":{"line":25,"column":0},"end":{"line":25,"column":24}},"14":{"start":{"line":26,"column":0},"end":{"line":26,"column":41}},"15":{"start":{"line":30,"column":0},"end":{"line":36,"column":2}},"16":{"start":{"line":34,"column":8},"end":{"line":34,"column":35}},"17":{"start":{"line":38,"column":13},"end":{"line":38,"column":37}},"18":{"start":{"line":43,"column":0},"end":{"line":43,"column":81}},"19":{"start":{"line":44,"column":0},"end":{"line":44,"column":40}},"20":{"start":{"line":46,"column":0},"end":{"line":50,"column":1}},"21":{"start":{"line":47,"column":4},"end":{"line":49,"column":7}},"22":{"start":{"line":48,"column":8},"end":{"line":48,"column":70}},"23":{"start":{"line":54,"column":0},"end":{"line":54,"column":62}},"24":{"start":{"line":56,"column":0},"end":{"line":56,"column":21}}},"fnMap":{"0":{"name":"(anonymous_0)","decl":{"start":{"line":33,"column":10},"end":{"line":33,"column":11}},"loc":{"start":{"line":33,"column":30},"end":{"line":35,"column":5}},"line":33},"1":{"name":"(anonymous_1)","decl":{"start":{"line":47,"column":21},"end":{"line":47,"column":22}},"loc":{"start":{"line":47,"column":27},"end":{"line":49,"column":5}},"line":47}},"branchMap":{"0":{"loc":{"start":{"line":21,"column":17},"end":{"line":21,"column":54}},"type":"binary-expr","locations":[{"start":{"line":21,"column":17},"end":{"line":21,"column":37}},{"start":{"line":21,"column":41},"end":{"line":21,"column":54}}],"line":21},"1":{"loc":{"start":{"line":38,"column":13},"end":{"line":38,"column":37}},"type":"binary-expr","locations":[{"start":{"line":38,"column":13},"end":{"line":38,"column":29}},{"start":{"line":38,"column":33},"end":{"line":38,"column":37}}],"line":38},"2":{"loc":{"start":{"line":46,"column":0},"end":{"line":50,"column":1}},"type":"if","locations":[{"start":{"line":46,"column":0},"end":{"line":50,"column":1}},{"start":{},"end":{}}],"line":46},"3":{"loc":{"start":{"line":54,"column":0},"end":{"line":54,"column":61}},"type":"cond-expr","locations":[{"start":{"line":54,"column":26},"end":{"line":54,"column":42}},{"start":{"line":54,"column":45},"end":{"line":54,"column":61}}],"line":54}},"s":{"0":3,"1":3,"2":3,"3":3,"4":3,"5":3,"6":3,"7":3,"8":3,"9":3,"10":3,"11":3,"12":3,"13":3,"14":3,"15":3,"16":48,"17":3,"18":3,"19":3,"20":3,"21":0,"22":0,"23":3,"24":3},"f":{"0":48,"1":0},"b":{"0":[3,0],"1":[3,0],"2":[0,3],"3":[3,0]},"_coverageSchema":"1a1c01bbd47fc00a2c39e90264f33305004495a9","hash":"ebfefcc19cd6037269a6169f31dc9624c7ba8666"}
,"/Users/Aldahir/Desktop/API-Node-Leifer/src/config/mongo.js": {"path":"/Users/Aldahir/Desktop/API-Node-Leifer/src/config/mongo.js","statementMap":{"0":{"start":{"line":1,"column":17},"end":{"line":1,"column":36}},"1":{"start":{"line":3,"column":17},"end":{"line":3,"column":37}},"2":{"start":{"line":4,"column":18},"end":{"line":36,"column":1}},"3":{"start":{"line":16,"column":8},"end":{"line":16,"column":19}},"4":{"start":{"line":18,"column":4},"end":{"line":18,"column":69}},"5":{"start":{"line":19,"column":4},"end":{"line":19,"column":51}},"6":{"start":{"line":21,"column":16},"end":{"line":21,"column":79}},"7":{"start":{"line":23,"column":16},"end":{"line":23,"column":70}},"8":{"start":{"line":25,"column":4},"end":{"line":34,"column":10}},"9":{"start":{"line":30,"column":12},"end":{"line":30,"column":75}},"10":{"start":{"line":33,"column":12},"end":{"line":33,"column":80}},"11":{"start":{"line":38,"column":0},"end":{"line":38,"column":27}}},"fnMap":{"0":{"name":"(anonymous_0)","decl":{"start":{"line":4,"column":18},"end":{"line":4,"column":19}},"loc":{"start":{"line":4,"column":30},"end":{"line":36,"column":1}},"line":4},"1":{"name":"(anonymous_1)","decl":{"start":{"line":29,"column":14},"end":{"line":29,"column":15}},"loc":{"start":{"line":29,"column":20},"end":{"line":31,"column":9}},"line":29},"2":{"name":"(anonymous_2)","decl":{"start":{"line":32,"column":15},"end":{"line":32,"column":16}},"loc":{"start":{"line":32,"column":26},"end":{"line":34,"column":9}},"line":32}},"branchMap":{"0":{"loc":{"start":{"line":23,"column":16},"end":{"line":23,"column":70}},"type":"cond-expr","locations":[{"start":{"line":23,"column":40},"end":{"line":23,"column":56}},{"start":{"line":23,"column":59},"end":{"line":23,"column":70}}],"line":23}},"s":{"0":3,"1":3,"2":3,"3":3,"4":3,"5":3,"6":3,"7":3,"8":3,"9":3,"10":0,"11":3},"f":{"0":3,"1":3,"2":0},"b":{"0":[3,0]},"_coverageSchema":"1a1c01bbd47fc00a2c39e90264f33305004495a9","hash":"b8cbcf63dd30c7188559869c40693cbdf9ce6e01"}
,"/Users/Aldahir/Desktop/API-Node-Leifer/src/config/mysql.js": {"path":"/Users/Aldahir/Desktop/API-Node-Leifer/src/config/mysql.js","statementMap":{"0":{"start":{"line":1,"column":22},"end":{"line":1,"column":42}},"1":{"start":{"line":2,"column":17},"end":{"line":2,"column":37}},"2":{"start":{"line":5,"column":17},"end":{"line":5,"column":101}},"3":{"start":{"line":6,"column":17},"end":{"line":6,"column":43}},"4":{"start":{"line":7,"column":17},"end":{"line":7,"column":43}},"5":{"start":{"line":8,"column":13},"end":{"line":8,"column":35}},"6":{"start":{"line":11,"column":18},"end":{"line":20,"column":1}},"7":{"start":{"line":25,"column":23},"end":{"line":32,"column":1}},"8":{"start":{"line":26,"column":4},"end":{"line":31,"column":5}},"9":{"start":{"line":27,"column":8},"end":{"line":27,"column":39}},"10":{"start":{"line":28,"column":8},"end":{"line":28,"column":57}},"11":{"start":{"line":30,"column":8},"end":{"line":30,"column":65}},"12":{"start":{"line":34,"column":0},"end":{"line":37,"column":1}}},"fnMap":{"0":{"name":"(anonymous_0)","decl":{"start":{"line":25,"column":23},"end":{"line":25,"column":24}},"loc":{"start":{"line":25,"column":35},"end":{"line":32,"column":1}},"line":25}},"branchMap":{"0":{"loc":{"start":{"line":5,"column":17},"end":{"line":5,"column":101}},"type":"cond-expr","locations":[{"start":{"line":5,"column":41},"end":{"line":5,"column":72}},{"start":{"line":5,"column":75},"end":{"line":5,"column":101}}],"line":5}},"s":{"0":3,"1":3,"2":3,"3":3,"4":3,"5":3,"6":3,"7":3,"8":0,"9":0,"10":0,"11":0,"12":3},"f":{"0":0},"b":{"0":[3,0]},"_coverageSchema":"1a1c01bbd47fc00a2c39e90264f33305004495a9","hash":"96b84ca14c288646e2e937b000fae663933571ca"}
,"/Users/Aldahir/Desktop/API-Node-Leifer/src/controllers/auth.controller.js": {"path":"/Users/Aldahir/Desktop/API-Node-Leifer/src/controllers/auth.controller.js","statementMap":{"0":{"start":{"line":2,"column":23},"end":{"line":2,"column":43}},"1":{"start":{"line":5,"column":24},"end":{"line":5,"column":52}},"2":{"start":{"line":9,"column":22},"end":{"line":9,"column":51}},"3":{"start":{"line":10,"column":29},"end":{"line":10,"column":63}},"4":{"start":{"line":11,"column":28},"end":{"line":11,"column":59}},"5":{"start":{"line":14,"column":18},"end":{"line":14,"column":39}},"6":{"start":{"line":15,"column":27},"end":{"line":37,"column":1}},"7":{"start":{"line":16,"column":8},"end":{"line":36,"column":9}},"8":{"start":{"line":18,"column":16},"end":{"line":18,"column":39}},"9":{"start":{"line":19,"column":33},"end":{"line":19,"column":60}},"10":{"start":{"line":20,"column":29},"end":{"line":20,"column":59}},"11":{"start":{"line":22,"column":33},"end":{"line":22,"column":62}},"12":{"start":{"line":23,"column":16},"end":{"line":23,"column":71}},"13":{"start":{"line":26,"column":16},"end":{"line":26,"column":31}},"14":{"start":{"line":27,"column":29},"end":{"line":30,"column":17}},"15":{"start":{"line":33,"column":16},"end":{"line":33,"column":40}},"16":{"start":{"line":35,"column":16},"end":{"line":35,"column":59}},"17":{"start":{"line":42,"column":24},"end":{"line":90,"column":1}},"18":{"start":{"line":44,"column":8},"end":{"line":89,"column":9}},"19":{"start":{"line":45,"column":16},"end":{"line":45,"column":39}},"20":{"start":{"line":48,"column":31},"end":{"line":48,"column":33}},"21":{"start":{"line":50,"column":16},"end":{"line":57,"column":17}},"22":{"start":{"line":51,"column":24},"end":{"line":51,"column":78}},"23":{"start":{"line":52,"column":24},"end":{"line":52,"column":42}},"24":{"start":{"line":54,"column":24},"end":{"line":54,"column":89}},"25":{"start":{"line":55,"column":24},"end":{"line":55,"column":43}},"26":{"start":{"line":59,"column":16},"end":{"line":59,"column":69}},"27":{"start":{"line":61,"column":16},"end":{"line":64,"column":17}},"28":{"start":{"line":62,"column":24},"end":{"line":62,"column":75}},"29":{"start":{"line":63,"column":24},"end":{"line":63,"column":31}},"30":{"start":{"line":65,"column":37},"end":{"line":65,"column":57}},"31":{"start":{"line":68,"column":30},"end":{"line":68,"column":71}},"32":{"start":{"line":72,"column":16},"end":{"line":75,"column":17}},"33":{"start":{"line":73,"column":24},"end":{"line":73,"column":70}},"34":{"start":{"line":74,"column":24},"end":{"line":74,"column":31}},"35":{"start":{"line":77,"column":16},"end":{"line":77,"column":66}},"36":{"start":{"line":78,"column":29},"end":{"line":81,"column":17}},"37":{"start":{"line":82,"column":16},"end":{"line":82,"column":34}},"38":{"start":{"line":84,"column":16},"end":{"line":84,"column":38}},"39":{"start":{"line":86,"column":16},"end":{"line":86,"column":59}},"40":{"start":{"line":88,"column":16},"end":{"line":88,"column":56}},"41":{"start":{"line":91,"column":0},"end":{"line":91,"column":57}}},"fnMap":{"0":{"name":"(anonymous_0)","decl":{"start":{"line":15,"column":27},"end":{"line":15,"column":28}},"loc":{"start":{"line":15,"column":47},"end":{"line":37,"column":1}},"line":15},"1":{"name":"(anonymous_1)","decl":{"start":{"line":42,"column":24},"end":{"line":42,"column":25}},"loc":{"start":{"line":42,"column":44},"end":{"line":90,"column":1}},"line":42}},"branchMap":{"0":{"loc":{"start":{"line":50,"column":16},"end":{"line":57,"column":17}},"type":"if","locations":[{"start":{"line":50,"column":16},"end":{"line":57,"column":17}},{"start":{"line":53,"column":23},"end":{"line":57,"column":17}}],"line":50},"1":{"loc":{"start":{"line":61,"column":16},"end":{"line":64,"column":17}},"type":"if","locations":[{"start":{"line":61,"column":16},"end":{"line":64,"column":17}},{"start":{},"end":{}}],"line":61},"2":{"loc":{"start":{"line":72,"column":16},"end":{"line":75,"column":17}},"type":"if","locations":[{"start":{"line":72,"column":16},"end":{"line":75,"column":17}},{"start":{},"end":{}}],"line":72}},"s":{"0":3,"1":3,"2":3,"3":3,"4":3,"5":3,"6":3,"7":1,"8":1,"9":1,"10":1,"11":1,"12":1,"13":1,"14":1,"15":1,"16":0,"17":3,"18":3,"19":3,"20":3,"21":3,"22":3,"23":3,"24":0,"25":0,"26":3,"27":3,"28":1,"29":1,"30":2,"31":2,"32":2,"33":1,"34":1,"35":1,"36":1,"37":1,"38":1,"39":0,"40":0,"41":3},"f":{"0":1,"1":3},"b":{"0":[3,0],"1":[1,2],"2":[1,1]},"_coverageSchema":"1a1c01bbd47fc00a2c39e90264f33305004495a9","hash":"3977fe6513efe1b2bf4dacf9d080ae8af9bc14e4"}
,"/Users/Aldahir/Desktop/API-Node-Leifer/src/models/index.js": {"path":"/Users/Aldahir/Desktop/API-Node-Leifer/src/models/index.js","statementMap":{"0":{"start":{"line":3,"column":18},"end":{"line":3,"column":39}},"1":{"start":{"line":4,"column":19},"end":{"line":4,"column":66}},"2":{"start":{"line":6,"column":15},"end":{"line":11,"column":1}},"3":{"start":{"line":14,"column":0},"end":{"line":14,"column":24}}},"fnMap":{},"branchMap":{"0":{"loc":{"start":{"line":4,"column":19},"end":{"line":4,"column":66}},"type":"cond-expr","locations":[{"start":{"line":4,"column":45},"end":{"line":4,"column":54}},{"start":{"line":4,"column":57},"end":{"line":4,"column":66}}],"line":4}},"s":{"0":3,"1":3,"2":3,"3":3},"f":{},"b":{"0":[3,0]},"_coverageSchema":"1a1c01bbd47fc00a2c39e90264f33305004495a9","hash":"4d1cccda6b2a77f06b23e52012f6ae4217418eee"}
,"/Users/Aldahir/Desktop/API-Node-Leifer/src/routes/auth.routes.js": {"path":"/Users/Aldahir/Desktop/API-Node-Leifer/src/routes/auth.routes.js","statementMap":{"0":{"start":{"line":2,"column":16},"end":{"line":2,"column":34}},"1":{"start":{"line":3,"column":15},"end":{"line":3,"column":31}},"2":{"start":{"line":6,"column":50},"end":{"line":6,"column":79}},"3":{"start":{"line":9,"column":48},"end":{"line":9,"column":89}},"4":{"start":{"line":34,"column":0},"end":{"line":34,"column":68}},"5":{"start":{"line":62,"column":0},"end":{"line":62,"column":55}},"6":{"start":{"line":64,"column":0},"end":{"line":64,"column":24}}},"fnMap":{},"branchMap":{},"s":{"0":3,"1":3,"2":3,"3":3,"4":3,"5":3,"6":3},"f":{},"b":{},"_coverageSchema":"1a1c01bbd47fc00a2c39e90264f33305004495a9","hash":"c98df8b2a9d77e93fc36929110138b1639f2b0f3"}
,"/Users/Aldahir/Desktop/API-Node-Leifer/src/test/helper/helperData.js": {"path":"/Users/Aldahir/Desktop/API-Node-Leifer/src/test/helper/helperData.js","statementMap":{"0":{"start":{"line":1,"column":22},"end":{"line":4,"column":3}},"1":{"start":{"line":6,"column":27},"end":{"line":11,"column":3}},"2":{"start":{"line":13,"column":32},"end":{"line":19,"column":3}},"3":{"start":{"line":21,"column":30},"end":{"line":24,"column":3}},"4":{"start":{"line":26,"column":24},"end":{"line":40,"column":3}},"5":{"start":{"line":43,"column":2},"end":{"line":49,"column":3}}},"fnMap":{},"branchMap":{},"s":{"0":3,"1":3,"2":3,"3":3,"4":3,"5":3},"f":{},"b":{},"_coverageSchema":"1a1c01bbd47fc00a2c39e90264f33305004495a9","hash":"5bb1a337ae6f5a20b13c1d7761a08f8b1786e1c3"}
,"/Users/Aldahir/Desktop/API-Node-Leifer/src/utils/handleJWT.js": {"path":"/Users/Aldahir/Desktop/API-Node-Leifer/src/utils/handleJWT.js","statementMap":{"0":{"start":{"line":1,"column":12},"end":{"line":1,"column":35}},"1":{"start":{"line":2,"column":19},"end":{"line":2,"column":41}},"2":{"start":{"line":3,"column":22},"end":{"line":3,"column":64}},"3":{"start":{"line":4,"column":22},"end":{"line":4,"column":37}},"4":{"start":{"line":11,"column":18},"end":{"line":25,"column":1}},"5":{"start":{"line":14,"column":17},"end":{"line":23,"column":5}},"6":{"start":{"line":24,"column":4},"end":{"line":24,"column":16}},"7":{"start":{"line":34,"column":20},"end":{"line":41,"column":1}},"8":{"start":{"line":36,"column":4},"end":{"line":40,"column":5}},"9":{"start":{"line":37,"column":8},"end":{"line":37,"column":47}},"10":{"start":{"line":39,"column":8},"end":{"line":39,"column":19}},"11":{"start":{"line":44,"column":0},"end":{"line":47,"column":1}}},"fnMap":{"0":{"name":"(anonymous_0)","decl":{"start":{"line":11,"column":18},"end":{"line":11,"column":19}},"loc":{"start":{"line":11,"column":34},"end":{"line":25,"column":1}},"line":11},"1":{"name":"(anonymous_1)","decl":{"start":{"line":34,"column":20},"end":{"line":34,"column":21}},"loc":{"start":{"line":34,"column":40},"end":{"line":41,"column":1}},"line":34}},"branchMap":{},"s":{"0":3,"1":3,"2":3,"3":3,"4":3,"5":4,"6":4,"7":3,"8":4,"9":4,"10":0,"11":3},"f":{"0":4,"1":4},"b":{},"_coverageSchema":"1a1c01bbd47fc00a2c39e90264f33305004495a9","hash":"fffedda834a6a57f68b630d3700bf16504009e15"}
}
